
> wolthers-travel-app@1.0.0 dev
> next dev

 ⚠ Warning: Found multiple lockfiles. Selecting /Users/danielwolthers/package-lock.json.
   Consider removing the lockfiles at:
   * /Users/danielwolthers/Documents/GitHub/wolthers-travel-app/package-lock.json

   ▲ Next.js 15.4.4
   - Local:        http://localhost:3000
   - Network:      http://192.168.10.155:3000
   - Environments: .env.local

 ✓ Starting...
 ✓ Ready in 1542ms
 ○ Compiling /api/auth/[...nextauth] ...
 ✓ Compiled /api/auth/[...nextauth] in 1211ms (586 modules)
[next-auth][warn][DEBUG_ENABLED] 
https://next-auth.js.org/warnings#debug_enabled
 GET /api/auth/session 200 in 1695ms
 ✓ Compiled /api/test/email in 462ms (652 modules)
Email sent successfully: 8491d7dc-e81b-4e20-86bb-6abda19146b5
 POST /api/test/email 200 in 1435ms
 ✓ Compiled in 31ms
 ✓ Compiled /api/test/email in 152ms (150 modules)
Email sent successfully: 9900b02f-7427-4305-9834-b46b536fa3a5
 POST /api/test/email 200 in 1163ms
Email sent successfully: 24336f9a-1821-4d06-a382-bc59a0e8fa98
Email sent successfully: 5de87bb3-9772-4b09-b2a8-e8be0463d236
Email sent successfully: 97d570d6-40f1-46ac-b622-7f224fdc3c4d
 GET /api/test/email?email=trips@trips.wolthers.com&name=Daniel%20Wolthers&purpose=signin 200 in 4579ms
Email sent successfully: 70b35c7a-e73c-4369-9e3a-e5b796b7e6b9
 POST /api/test/email 200 in 444ms
Email sent successfully: ddc5961e-8e42-4a91-87f0-465a9573dd75
 POST /api/test/email 200 in 699ms
Email sent successfully: bf35f91c-35fd-4c7b-8445-a1852c778efb
Email sent successfully: d79b9d4a-a08b-48bc-9c89-9d36f18417ec
Email sent successfully: 60176094-4b65-44fd-a1b4-b38921070cd8
 GET /api/test/email?email=daniel@wolthers.com&name=Daniel%20Wolthers&purpose=signin 200 in 4364ms
Email sent successfully: 6825b4f8-8450-41be-a0c6-d48b2c6f5357
Email sent successfully: a9449eba-6889-4b55-b6f5-423d0fb1aeb6
Email sent successfully: 9ae8415c-5c13-4397-acf5-753095369877
 GET /api/test/email?email=wolthers@gmail.com&name=Daniel%20Wolthers&purpose=signup 200 in 4718ms
 ✓ Compiled in 108ms (186 modules)
 ✓ Compiled in 45ms
 ✓ Compiled /api/test/email in 195ms (152 modules)
Email sent successfully: b937ffca-4a9e-4502-af84-9748da27ca2f
 POST /api/test/email 200 in 1173ms
Email sent successfully: 45142b6d-d668-40a4-b31f-590ddf682a43
 POST /api/test/email 200 in 603ms
Email sent successfully: 80ef2aaa-005c-44aa-bb7b-1535dfc835c6
 POST /api/test/email 200 in 729ms
 ✓ Compiled in 26ms
 ✓ Compiled /api/test/email in 263ms (150 modules)
Email sent successfully: 2dc1d0c6-f7bb-4c24-931b-641c65c55f84
 POST /api/test/email 200 in 988ms
Email sent successfully: c6e29d90-3a70-42ba-a7e2-326adcd9984d
 POST /api/test/email 200 in 866ms
Email sent successfully: 28e03d70-cb45-4391-838a-8abab2c9aa1d
 POST /api/test/email 200 in 880ms
 ✓ Compiled in 23ms
 ✓ Compiled /api/test/email in 145ms (150 modules)
Email sent successfully: c9687775-a583-4144-84b9-fcef12421106
 POST /api/test/email 200 in 988ms
Email sent successfully: 29b997d1-9d06-483b-9f57-04ca5c4f30aa
 POST /api/test/email 200 in 676ms
Email sent successfully: c2d87d59-8dd2-45d6-8b45-78c74ab6e43b
 POST /api/test/email 200 in 754ms
 ✓ Compiled in 35ms
 ✓ Compiled /api/test/email in 184ms (150 modules)
Email sent successfully: a26ff8c8-b75c-4a97-92e3-b8751cddfcad
 POST /api/test/email 200 in 1011ms
Email sent successfully: 55ee4698-421e-44ff-913b-882792f3b5f9
 POST /api/test/email 200 in 826ms
 ✓ Compiled in 115ms (150 modules)
Email sent successfully: 9c3bdadd-1907-4d21-b972-f21a50d803c5
 POST /api/test/email 200 in 317ms
 ○ Compiling /api/auth/forgot-password ...
 ✓ Compiled /api/auth/forgot-password in 584ms (334 modules)
SMTP Email sending error: TypeError: nodemailer__WEBPACK_IMPORTED_MODULE_0__.createTransporter is not a function
    at createTransporter (src/lib/email-smtp.ts:20:20)
    at sendOTPEmailSMTP (src/lib/email-smtp.ts:220:24)
    at POST (src/app/api/auth/forgot-password/route.ts:26:42)
  18 | // Create SMTP transporter
  19 | const createTransporter = () => {
> 20 |   return nodemailer.createTransporter({
     |                    ^
  21 |     host: process.env.EMAIL_SERVER_HOST,
  22 |     port: parseInt(process.env.EMAIL_SERVER_PORT || '465'),
  23 |     secure: true, // Use SSL
 POST /api/auth/forgot-password 500 in 752ms
 ✓ Compiled /api/auth/[...nextauth] in 233ms (459 modules)
 ⨯ [Error: ENOENT: no such file or directory, open '/Users/danielwolthers/Documents/GitHub/wolthers-travel-app/.next/server/app/api/auth/forgot-password/route.js'] {
  errno: -2,
  code: 'ENOENT',
  syscall: 'open',
  path: '/Users/danielwolthers/Documents/GitHub/wolthers-travel-app/.next/server/app/api/auth/forgot-password/route.js',
  page: '/api/auth/forgot-password'
}
 ○ Compiling /_error ...
 ✓ Compiled /_error in 764ms (974 modules)
 POST /api/auth/forgot-password 500 in 1364ms
[?25h
